2026-03-15 15:25:37 [INFO] ============================================================
2026-03-15 15:25:37 [INFO] NAUKRI DHABA SCRAPER  started 2026-03-15 15:25:37 IST
2026-03-15 15:25:37 [INFO] Source: sarkariresult.com
2026-03-15 15:25:37 [INFO] ============================================================
2026-03-15 15:25:37 [INFO] 
Fetching JOB listing: https://www.sarkariresult.com/latestjob.php
2026-03-15 15:25:37 [WARNING] Attempt 1/3 failed for https://www.sarkariresult.com/latestjob.php: 403 Client Error: Forbidden for url: https://www.sarkariresult.com/latestjob.php
2026-03-15 15:25:39 [WARNING] Attempt 2/3 failed for https://www.sarkariresult.com/latestjob.php: 403 Client Error: Forbidden for url: https://www.sarkariresult.com/latestjob.php
2026-03-15 15:25:44 [WARNING] Attempt 3/3 failed for https://www.sarkariresult.com/latestjob.php: 403 Client Error: Forbidden for url: https://www.sarkariresult.com/latestjob.php
2026-03-15 15:25:44 [ERROR] Giving up on https://www.sarkariresult.com/latestjob.php
2026-03-15 15:25:44 [INFO] 
Fetching RESULT listing: https://www.sarkariresult.com/result.php
2026-03-15 15:25:44 [WARNING] Attempt 1/3 failed for https://www.sarkariresult.com/result.php: 403 Client Error: Forbidden for url: https://www.sarkariresult.com/result.php
2026-03-15 15:25:47 [WARNING] Attempt 2/3 failed for https://www.sarkariresult.com/result.php: 403 Client Error: Forbidden for url: https://www.sarkariresult.com/result.php
2026-03-15 15:25:52 [WARNING] Attempt 3/3 failed for https://www.sarkariresult.com/result.php: 403 Client Error: Forbidden for url: https://www.sarkariresult.com/result.php
2026-03-15 15:25:52 [ERROR] Giving up on https://www.sarkariresult.com/result.php
2026-03-15 15:25:52 [INFO] 
Fetching ADMIT listing: https://www.sarkariresult.com/admitcard.php
2026-03-15 15:25:52 [WARNING] Attempt 1/3 failed for https://www.sarkariresult.com/admitcard.php: 403 Client Error: Forbidden for url: https://www.sarkariresult.com/admitcard.php
2026-03-15 15:25:54 [WARNING] Attempt 2/3 failed for https://www.sarkariresult.com/admitcard.php: 403 Client Error: Forbidden for url: https://www.sarkariresult.com/admitcard.php
2026-03-15 15:25:59 [WARNING] Attempt 3/3 failed for https://www.sarkariresult.com/admitcard.php: 403 Client Error: Forbidden for url: https://www.sarkariresult.com/admitcard.php
2026-03-15 15:25:59 [ERROR] Giving up on https://www.sarkariresult.com/admitcard.php
2026-03-15 15:25:59 [INFO] 
New items to process: 0  (jobs=0, results=0, admits=0)
2026-03-15 15:25:59 [INFO] 
Updating listing pages…
2026-03-15 15:25:59 [INFO] Sitemap regenerated ✅
2026-03-15 15:25:59 [INFO] 
============================================================
2026-03-15 15:25:59 [INFO] DONE in 22s  |  Generated 0 pages  |  Jobs=0, Results=0, AdmitCards=0
2026-03-15 15:25:59 [INFO] ============================================================

